============================= test session starts =============================
platform win32 -- Python 3.13.13, pytest-9.0.2, pluggy-1.6.0 -- C:\Users\Sam\AppData\Local\Programs\Python\Python313\python.exe
cachedir: .pytest_cache
rootdir: C:\Users\Sam\Programming\rom-mate-neo
collecting ... collected 846 items

tests/test_background_workers.py::DetailsCloudRecordsWorkerTests::test_worker_emits_error_for_failed_requests PASSED [  0%]
tests/test_background_workers.py::DetailsCloudRecordsWorkerTests::test_worker_fetches_save_records PASSED [  0%]
tests/test_background_workers.py::InstallDownloadWorkerTests::test_debug_logging_prints_url_and_error_details PASSED [  0%]
tests/test_background_workers.py::InstallDownloadWorkerTests::test_http_error_includes_status_reason_url_and_body PASSED [  0%]
tests/test_background_workers.py::InstallDownloadWorkerTests::test_source_metadata_azahar_regex_asset_name_resolution PASSED [  0%]
tests/test_background_workers.py::InstallDownloadWorkerTests::test_source_metadata_cemu_regex_asset_name_resolution PASSED [  0%]
tests/test_background_workers.py::InstallDownloadWorkerTests::test_source_metadata_direct_download_resolution PASSED [  0%]
tests/test_background_workers.py::InstallDownloadWorkerTests::test_source_metadata_direct_page_url_regex_resolution PASSED [  0%]
tests/test_background_workers.py::InstallDownloadWorkerTests::test_source_metadata_direct_page_url_regex_resolution_prefers_redream_nightly_build PASSED [  1%]
tests/test_background_workers.py::InstallDownloadWorkerTests::test_source_metadata_download_error_cleans_partial_file PASSED [  1%]
tests/test_background_workers.py::InstallDownloadWorkerTests::test_source_metadata_download_rewrites_archive_suffix_from_resolved_asset_name PASSED [  1%]
tests/test_background_workers.py::InstallDownloadWorkerTests::test_source_metadata_download_uses_github_release_and_windows_asset_name PASSED [  1%]
tests/test_background_workers.py::InstallDownloadWorkerTests::test_source_metadata_downloads_supplemental_archives_for_direct_sources PASSED [  1%]
tests/test_background_workers.py::InstallDownloadWorkerTests::test_source_metadata_gitea_builds_correct_api_url PASSED [  1%]
tests/test_background_workers.py::InstallDownloadWorkerTests::test_source_metadata_pcsx2_qt_7z_regex_asset_name_resolution PASSED [  1%]
tests/test_background_workers.py::InstallDownloadWorkerTests::test_source_metadata_shadps4_qt_launcher_regex_asset_name_resolution PASSED [  1%]
tests/test_background_workers.py::InstallDownloadWorkerTests::test_source_metadata_shadps4_sdl_core_regex_asset_name_resolution PASSED [  2%]
tests/test_background_workers.py::InstallDownloadWorkerTests::test_source_metadata_windows_assets_mismatch_does_not_fallback_to_linux_asset PASSED [  2%]
tests/test_background_workers.py::InstallDownloadWorkerTests::test_source_metadata_xemu_resolves_x64_and_arm64_assets_by_windows_arch PASSED [  2%]
tests/test_background_workers.py::InstallDownloadWorkerTests::test_source_metadata_xenia_canary_exact_asset_name_resolution PASSED [  2%]
tests/test_background_workers.py::InstallFinalizeWorkerTests::test_worker_defers_archive_cleanup_until_after_supplementals PASSED [  2%]
tests/test_background_workers.py::InstallFinalizeWorkerTests::test_worker_skips_main_cleanup_for_direct_file_installs PASSED [  2%]
tests/test_background_workers.py::TestRetroAchievementsWorker::test_worker_emits_achievements_on_success PASSED [  2%]
tests/test_background_workers.py::TestRetroAchievementsWorker::test_worker_emits_error_on_failure PASSED [  2%]
tests/test_background_workers.py::TestPCGamingWikiWorker::test_pcgamingwiki_worker_emits_error_on_failure PASSED [  2%]
tests/test_background_workers.py::TestPCGamingWikiWorker::test_pcgamingwiki_worker_emits_paths_on_success PASSED [  3%]
tests/test_cloud_restore.py::CloudRestoreTests::test_cloud_sync_candidates_for_game_falls_back_to_latest_redream_hash_group PASSED [  3%]
tests/test_cloud_restore.py::CloudRestoreTests::test_cloud_sync_candidates_for_game_matches_redream_numeric_savestate_names PASSED [  3%]
tests/test_cloud_restore.py::CloudRestoreTests::test_latest_server_records_by_slot_keeps_newest_entry_per_slot PASSED [  3%]
tests/test_cloud_restore.py::CloudRestoreTests::test_relative_timestamp_text_uses_human_readable_ranges PASSED [  3%]
tests/test_cloud_restore.py::CloudRestoreTests::test_restore_single_save_payload_prefers_exact_candidate_filename PASSED [  3%]
tests/test_cloud_restore.py::CloudRestoreTests::test_restore_single_state_payload_keeps_nested_candidate_folder PASSED [  3%]
tests/test_cloud_restore.py::CloudRestoreTests::test_restore_single_state_payload_no_sidecar_for_zip_payload PASSED [  3%]
tests/test_cloud_restore.py::CloudRestoreTests::test_restore_single_state_payload_omits_sidecar_when_no_screenshot PASSED [  4%]
tests/test_cloud_restore.py::CloudRestoreTests::test_restore_single_state_payload_unpacks_zip_archive_into_matching_directory PASSED [  4%]
tests/test_cloud_restore.py::CloudRestoreTests::test_restore_single_state_payload_uses_custom_screenshot_extension PASSED [  4%]
tests/test_cloud_restore.py::CloudRestoreTests::test_restore_single_state_payload_writes_screenshot_sidecar PASSED [  4%]
tests/test_cloud_restore.py::CloudRestoreTests::test_sort_server_records_by_recency_prefers_newest_timestamp_then_id PASSED [  4%]
tests/test_cloud_save_block_reason.py::TestCloudSaveBlockReasonRetroarchCoreFlags::test_blocks_save_when_core_does_not_support_saves PASSED [  4%]
tests/test_cloud_save_block_reason.py::TestCloudSaveBlockReasonRetroarchCoreFlags::test_blocks_state_when_core_does_not_support_save_states PASSED [  4%]
tests/test_cloud_save_block_reason.py::TestCloudSaveBlockReasonRetroarchCoreFlags::test_blocks_state_when_core_is_not_cloud_sync_safe PASSED [  4%]
tests/test_cloud_save_block_reason.py::TestCloudSaveBlockReasonRetroarchCoreFlags::test_does_not_block_save_for_safe_core PASSED [  4%]
tests/test_cloud_save_block_reason.py::TestCloudSaveBlockReasonRetroarchCoreFlags::test_does_not_block_state_for_safe_core PASSED [  5%]
tests/test_cloud_save_block_reason.py::TestCloudSaveBlockReasonRetroarchCoreFlags::test_flag_check_skipped_when_no_flags_passed PASSED [  5%]
tests/test_cloud_save_block_reason.py::TestCloudSaveBlockReasonRetroarchCoreFlags::test_flag_check_skipped_when_not_retroarch_emulator PASSED [  5%]
tests/test_cloud_save_block_reason.py::TestCloudSaveBlockReasonRetroarchCoreFlags::test_native_platform_still_blocked_regardless_of_core_flags PASSED [  5%]
tests/test_cloud_state_filter.py::CloudStateFilterTests::test_is_state_file_candidate_accepts_dot_slot_sav_files PASSED [  5%]
tests/test_cloud_state_filter.py::CloudStateFilterTests::test_is_state_file_candidate_accepts_duckstation_slot_files PASSED [  5%]
tests/test_cloud_state_filter.py::CloudStateFilterTests::test_is_state_file_candidate_accepts_pcsx2_p2s_files PASSED [  5%]
tests/test_cloud_state_filter.py::CloudStateFilterTests::test_is_state_file_candidate_accepts_state_and_state_slot_files PASSED [  5%]
tests/test_cloud_state_filter.py::CloudStateFilterTests::test_is_state_file_candidate_rejects_state_image_sidecars PASSED [  6%]
tests/test_cloud_state_filter.py::CloudStateFilterTests::test_server_state_records_filter_supported_image_extensions PASSED [  6%]
tests/test_cloud_state_filter.py::CloudStateFilterTests::test_state_candidate_base_variants_strips_duckstation_naming PASSED [  6%]
tests/test_cloud_state_filter.py::CloudStateFilterTests::test_state_candidate_base_variants_strips_pcsx2_p2s_naming PASSED [  6%]
tests/test_cloud_state_filter.py::CloudStateFilterTests::test_state_candidate_hash_group_key_handles_duckstation_naming PASSED [  6%]
tests/test_cloud_state_filter.py::CloudStateFilterTests::test_state_candidate_matches_game_tokens_pcsx2_p2s PASSED [  6%]
tests/test_cloud_transfer.py::CloudTransferTests::test_appended_image_sidecar_path_finds_png_appended_to_full_filename PASSED [  6%]
tests/test_cloud_transfer.py::CloudTransferTests::test_cemu_save_directories_for_game_selects_nested_user_folders PASSED [  6%]
tests/test_cloud_transfer.py::CloudTransferTests::test_cloud_sync_candidates_for_save_accepts_explicit_file_paths_from_profiles PASSED [  6%]
tests/test_cloud_transfer.py::CloudTransferTests::test_cloud_sync_candidates_for_state_allows_common_name_variants_only PASSED [  7%]
tests/test_cloud_transfer.py::CloudTransferTests::test_cloud_sync_candidates_for_state_filters_to_matching_rom_name PASSED [  7%]
tests/test_cloud_transfer.py::CloudTransferTests::test_grouped_file_upload_jobs_archives_multiple_files_into_one_upload PASSED [  7%]
tests/test_cloud_transfer.py::CloudTransferTests::test_grouped_file_upload_jobs_keeps_distinct_state_slots_separate PASSED [  7%]
tests/test_cloud_transfer.py::CloudTransferTests::test_ppsspp_state_upload_jobs_uses_supported_image_sidecars_only PASSED [  7%]
tests/test_cloud_transfer.py::CloudTransferTests::test_retroarch_state_upload_jobs_attaches_appended_png_sidecar PASSED [  7%]
tests/test_cloud_transfer.py::CloudTransferTests::test_retroarch_state_upload_jobs_ignores_non_image_sidecar PASSED [  7%]
tests/test_cloud_transfer.py::CloudTransferTests::test_retroarch_state_upload_jobs_omits_screenshotfile_when_no_sidecar PASSED [  7%]
tests/test_cloud_transfer.py::CloudTransferTests::test_retroarch_state_upload_jobs_returns_two_tuple_per_job PASSED [  8%]
tests/test_cloud_transfer.py::CloudTransferTests::test_retroarch_state_upload_jobs_screenshot_in_files_payload PASSED [  8%]
tests/test_cloud_transfer.py::CloudTransferTests::test_retroarch_state_upload_jobs_separate_jobs_per_slot PASSED [  8%]
tests/test_cloud_transfer.py::CloudTransferTests::test_screenshot_download_candidate_paths_returns_empty_for_empty_record PASSED [  8%]
tests/test_cloud_transfer.py::CloudTransferTests::test_screenshot_download_candidate_paths_returns_ordered_candidates PASSED [  8%]
tests/test_cloud_transfer.py::CloudTransferTests::test_screenshot_download_candidate_paths_skips_blank_and_missing_keys PASSED [  8%]
tests/test_cloud_transfer.py::CloudTransferTests::test_zip_directory_for_upload_skips_os_metadata_files PASSED [  8%]
tests/test_cloud_transfer.py::TestSessionScreenshotPath::test_ignores_non_image_files PASSED [  8%]
tests/test_cloud_transfer.py::TestSessionScreenshotPath::test_returns_image_within_session_window PASSED [  8%]
tests/test_cloud_transfer.py::TestSessionScreenshotPath::test_returns_most_recent_image_when_multiple_within_window PASSED [  9%]
tests/test_cloud_transfer.py::TestSessionScreenshotPath::test_returns_none_when_no_directories PASSED [  9%]
tests/test_cloud_transfer.py::TestSessionScreenshotPath::test_returns_none_when_no_images_in_window PASSED [  9%]
tests/test_cloud_transfer.py::TestSessionScreenshotPath::test_returns_none_when_session_window_is_none PASSED [  9%]
tests/test_cloud_transfer.py::TestSessionScreenshotPath::test_scans_subdirectories_recursively PASSED [  9%]
tests/test_cloud_transfer.py::TestSessionScreenshotPath::test_skips_blocked_basenames PASSED [  9%]
tests/test_cloud_transfer.py::TestSessionScreenshotPath::test_skips_missing_directories_gracefully PASSED [  9%]
tests/test_cloud_transfer.py::TestSessionScreenshotPath::test_supports_bmp_extension PASSED [  9%]
tests/test_cloud_transfer.py::TestSessionScreenshotPath::test_supports_jpg_extension PASSED [ 10%]
tests/test_cloud_transfer.py::TestSessionScreenshotPath::test_supports_webp_extension PASSED [ 10%]
tests/test_core_api.py::CoreApiTests::test_binary_headers_use_octet_stream_accept PASSED [ 10%]
tests/test_core_api.py::CoreApiTests::test_format_http_error_details_truncates_body PASSED [ 10%]
tests/test_cover_details_layout.py::CoverDetailsLayoutMetricsTests::test_update_details_layout_metrics_hides_screenshots_for_720p_sized_cloud_layouts PASSED [ 10%]
tests/test_cover_details_layout.py::CoverDetailsLayoutMetricsTests::test_update_details_layout_metrics_hides_screenshots_for_tight_cloud_layouts PASSED [ 10%]
tests/test_cover_details_layout.py::CoverDetailsLayoutMetricsTests::test_update_details_layout_metrics_keeps_screenshots_visible_when_space_allows PASSED [ 10%]
tests/test_cover_details_layout.py::CoverDetailsLayoutMetricsTests::test_update_details_layout_metrics_limits_cover_height_for_720p_windows PASSED [ 10%]
tests/test_cover_details_layout.py::CoverDetailsLayoutMetricsTests::test_update_details_layout_metrics_shrinks_below_old_min_width_floor PASSED [ 10%]
tests/test_cover_manager.py::CoverManagerTests::test_queue_game_cover_load_does_not_decode_cached_file_synchronously PASSED [ 11%]
tests/test_cover_manager.py::CoverManagerTests::test_queue_game_cover_load_queues_cached_file_url_and_remote_without_sync_disk_check PASSED [ 11%]
tests/test_details_cloud_native_panel.py::NativeCloudPanelTests::test_details_cloud_restore_enabled_allows_native_multi_dir_records PASSED [ 11%]
tests/test_details_cloud_native_panel.py::NativeCloudPanelTests::test_on_details_cloud_records_loaded_readds_native_path_section_before_records 
